Using pre-set license
Built from '2020.3/staging' branch; Version is '2020.3.21f1 (a38c86f6690f) revision 10718342'; Using compiler version '192528614'; Build Type 'Release'
OS: 'Windows 10 Pro; OS build 19041.1415; Version 2004; 64bit' Language: 'ru' Physical Memory: 6091 MB
BatchMode: 1, IsHumanControllingUs: 0, StartBugReporterOnCrash: 0, Is64bit: 1, IsPro: 0

COMMAND LINE ARGUMENTS:
C:\Program Files\Unity\Hub\Editor\2020.3.21f1\Editor\Unity.exe
-adb2
-batchMode
-noUpm
-name
AssetImportWorker0
-projectPath
D:/UnityProjects/Strategy/StrategySkipin
-logFile
Logs/AssetImportWorker0.log
-srvPort
63099
Successfully changed project path to: D:/UnityProjects/Strategy/StrategySkipin
D:/UnityProjects/Strategy/StrategySkipin
Using Asset Import Pipeline V2.
Refreshing native plugins compatible for Editor in 214.26 ms, found 2 plugins.
Preloading 0 native plugins for Editor in 0.00 ms.
Initialize engine version: 2020.3.21f1 (a38c86f6690f)
[Subsystems] Discovering subsystems at path C:/Program Files/Unity/Hub/Editor/2020.3.21f1/Editor/Data/Resources/UnitySubsystems
[Subsystems] Discovering subsystems at path D:/UnityProjects/Strategy/StrategySkipin/Assets
GfxDevice: creating device client; threaded=0
Direct3D:
    Version:  Direct3D 11.0 [level 11.1]
    Renderer: AMD Radeon(TM) Vega 8 Graphics (ID=0x15d8)
    Vendor:   
    VRAM:     3045 MB
    Driver:   27.20.11044.5003
Initialize mono
Mono path[0] = 'C:/Program Files/Unity/Hub/Editor/2020.3.21f1/Editor/Data/Managed'
Mono path[1] = 'C:/Program Files/Unity/Hub/Editor/2020.3.21f1/Editor/Data/MonoBleedingEdge/lib/mono/unityjit'
Mono config path = 'C:/Program Files/Unity/Hub/Editor/2020.3.21f1/Editor/Data/MonoBleedingEdge/etc'
Using monoOptions --debugger-agent=transport=dt_socket,embedding=1,server=y,suspend=n,address=127.0.0.1:56920
Begin MonoManager ReloadAssembly
Registering precompiled unity dll's ...
Register platform support module: C:/Program Files/Unity/Hub/Editor/2020.3.21f1/Editor/Data/PlaybackEngines/WebGLSupport/UnityEditor.WebGL.Extensions.dll
Register platform support module: C:/Program Files/Unity/Hub/Editor/2020.3.21f1/Editor/Data/PlaybackEngines/WindowsStandaloneSupport/UnityEditor.WindowsStandalone.Extensions.dll
Registered in 0.003312 seconds.
Native extension for WindowsStandalone target not found
Native extension for WebGL target not found
Refreshing native plugins compatible for Editor in 73.49 ms, found 2 plugins.
Preloading 0 native plugins for Editor in 0.00 ms.
Mono: successfully reloaded assembly
- Completed reload, in  3.310 seconds
Domain Reload Profiling:
	ReloadAssembly (3311ms)
		BeginReloadAssembly (82ms)
			ExecutionOrderSort (0ms)
			DisableScriptedObjects (0ms)
			BackupInstance (0ms)
			ReleaseScriptingObjects (0ms)
			CreateAndSetChildDomain (1ms)
		EndReloadAssembly (662ms)
			LoadAssemblies (80ms)
			RebuildTransferFunctionScriptingTraits (0ms)
			SetupTypeCache (227ms)
			ReleaseScriptCaches (0ms)
			RebuildScriptCaches (38ms)
			SetupLoadedEditorAssemblies (243ms)
				LogAssemblyErrors (0ms)
				InitializePlatformSupportModulesInManaged (6ms)
				SetLoadedEditorAssemblies (0ms)
				RefreshPlugins (74ms)
				BeforeProcessingInitializeOnLoad (21ms)
				ProcessInitializeOnLoadAttributes (106ms)
				ProcessInitializeOnLoadMethodAttributes (36ms)
				AfterProcessingInitializeOnLoad (0ms)
				EditorAssembliesLoaded (0ms)
			ExecutionOrderSort2 (0ms)
			AwakeInstancesAfterBackupRestoration (0ms)
Platform modules already initialized, skipping
Registering precompiled user dll's ...
Registered in 0.005799 seconds.
Begin MonoManager ReloadAssembly
Native extension for WindowsStandalone target not found
Native extension for WebGL target not found
Refreshing native plugins compatible for Editor in 0.93 ms, found 2 plugins.
Preloading 0 native plugins for Editor in 0.00 ms.
Mono: successfully reloaded assembly
- Completed reload, in  3.189 seconds
Domain Reload Profiling:
	ReloadAssembly (3190ms)
		BeginReloadAssembly (216ms)
			ExecutionOrderSort (0ms)
			DisableScriptedObjects (6ms)
			BackupInstance (0ms)
			ReleaseScriptingObjects (0ms)
			CreateAndSetChildDomain (27ms)
		EndReloadAssembly (2880ms)
			LoadAssemblies (1709ms)
			RebuildTransferFunctionScriptingTraits (0ms)
			SetupTypeCache (512ms)
			ReleaseScriptCaches (1ms)
			RebuildScriptCaches (66ms)
			SetupLoadedEditorAssemblies (472ms)
				LogAssemblyErrors (0ms)
				InitializePlatformSupportModulesInManaged (10ms)
				SetLoadedEditorAssemblies (1ms)
				RefreshPlugins (1ms)
				BeforeProcessingInitializeOnLoad (121ms)
				ProcessInitializeOnLoadAttributes (311ms)
				ProcessInitializeOnLoadMethodAttributes (16ms)
				AfterProcessingInitializeOnLoad (12ms)
				EditorAssembliesLoaded (0ms)
			ExecutionOrderSort2 (0ms)
			AwakeInstancesAfterBackupRestoration (14ms)
Platform modules already initialized, skipping
========================================================================
Worker process is ready to serve import requests
Launched and connected shader compiler UnityShaderCompiler.exe after 0.24 seconds
Refreshing native plugins compatible for Editor in 0.70 ms, found 2 plugins.
Preloading 0 native plugins for Editor in 0.00 ms.
Unloading 2409 Unused Serialized files (Serialized files now loaded: 0)
System memory in use before: 101.7 MB.
System memory in use after: 101.9 MB.

Unloading 24 unused Assets to reduce memory usage. Loaded Objects now: 2839.
Total: 6.557200 ms (FindLiveObjects: 0.422200 ms CreateObjectMapping: 0.143900 ms MarkObjects: 5.858400 ms  DeleteObjects: 0.129900 ms)

AssetImportParameters requested are different than current active one (requested -> active):
  custom:framework-win-MediaFoundation: 216162199b28c13a410421893ffa2e32 -> 
  custom:video-decoder-ogg-theora: a1e56fd34408186e4bbccfd4996cb3dc -> 
  custom:container-muxer-webm: aa71ff27fc2769a1b78a27578f13a17b -> 
  custom:container-demuxer-webm: 4f35f7cbe854078d1ac9338744f61a02 -> 
  custom:container-demuxer-ogg: 62fdf1f143b41e24485cea50d1cbac27 -> 
  custom:video-encoder-webm-vp8: eb34c28f22e8b96e1ab97ce403110664 -> 
  custom:video-decoder-webm-vp8: 9c59270c3fd7afecdb556c50c9e8de78 -> 
  custom:audio-decoder-ogg-vorbis: bf7c407c2cedff20999df2af8eb42d56 -> 
  custom:audio-encoder-webm-vorbis: bf7c407c2cedff20999df2af8eb42d56 -> 
========================================================================
Received Import Request.
  path: Assets/Scripts/Abstractions/Commands/CommandExecutorBase.cs
  artifactKey: Guid(9c7c22177ceeb224799c9dc8836937d4) Importer(815301076,1909f56bfc062723c751e8b465ee728b)
Start importing Assets/Scripts/Abstractions/Commands/CommandExecutorBase.cs using Guid(9c7c22177ceeb224799c9dc8836937d4) Importer(815301076,1909f56bfc062723c751e8b465ee728b)  -> (artifact id: '277ab34612d05b7ed13ac28a5f92e40d') in 0.052814 seconds 
  Import took 0.250947 seconds .

========================================================================
Received Import Request.
  Time since last request: 215.582111 seconds.
  path: Assets/Scripts/Core/CommandExecutors/CommandExecutorBase.cs
  artifactKey: Guid(9c7c22177ceeb224799c9dc8836937d4) Importer(815301076,1909f56bfc062723c751e8b465ee728b)
Start importing Assets/Scripts/Core/CommandExecutors/CommandExecutorBase.cs using Guid(9c7c22177ceeb224799c9dc8836937d4) Importer(815301076,1909f56bfc062723c751e8b465ee728b)  -> (artifact id: '448564193066c716a84424593938275e') in 0.013941 seconds 
  Import took 0.135773 seconds .

========================================================================
Received Import Request.
  Time since last request: 114.068967 seconds.
  path: Assets/Scripts/Core/CommandExecutors/MoveCommandExecutor.cs
  artifactKey: Guid(e66919833ba2d8f409f0ac1a3df2a347) Importer(815301076,1909f56bfc062723c751e8b465ee728b)
Start importing Assets/Scripts/Core/CommandExecutors/MoveCommandExecutor.cs using Guid(e66919833ba2d8f409f0ac1a3df2a347) Importer(815301076,1909f56bfc062723c751e8b465ee728b)  -> (artifact id: '7d6b0c06144300d0ae8e02e423c09682') in 0.004004 seconds 
  Import took 0.010386 seconds .

========================================================================
Received Import Request.
  Time since last request: 4.676252 seconds.
  path: Assets/Scripts/Core/CommandExecutors/PatrolCommandExecutor.cs
  artifactKey: Guid(316c869ea8c9e7e448584670fe773ae4) Importer(815301076,1909f56bfc062723c751e8b465ee728b)
Start importing Assets/Scripts/Core/CommandExecutors/PatrolCommandExecutor.cs using Guid(316c869ea8c9e7e448584670fe773ae4) Importer(815301076,1909f56bfc062723c751e8b465ee728b)  -> (artifact id: 'a36a3a94e2258b2a8e3f68543e312ff3') in 0.003075 seconds 
  Import took 0.009039 seconds .

========================================================================
Received Import Request.
  Time since last request: 22.614631 seconds.
  path: Assets/Scripts/Core/CommandExecutors/CommandExecutorBase.cs
  artifactKey: Guid(9c7c22177ceeb224799c9dc8836937d4) Importer(815301076,1909f56bfc062723c751e8b465ee728b)
Start importing Assets/Scripts/Core/CommandExecutors/CommandExecutorBase.cs using Guid(9c7c22177ceeb224799c9dc8836937d4) Importer(815301076,1909f56bfc062723c751e8b465ee728b)  -> (artifact id: '90cf9b87f7731cd91f026843181d2c1e') in 0.003952 seconds 
  Import took 0.009749 seconds .

AssetImportWorkerClient::OnTransportError - code=2 error=End of file
